Change component parameters: Designator = "RPI1" ("RPI1"); Footprint = "RPI"; UniqueID = "\NVOIFUQS" ("\NVOIFUQS")
Change component parameters (AddParameter): Name = "Accessory Type"; Value = "Connector"; VariantName = "[No Variations]"
Change component parameters (AddParameter): Name = "Category"; Value = "Development Boards, Kits, Programmers"; VariantName = "[No Variations]"
Change component parameters (AddParameter): Name = "ComponentLink1Description"; Value = "https://cdn.sparkfun.com/datasheets/Dev/RaspberryPi/12313.pdf"; VariantName = "[No Variations]"
Change component parameters (AddParameter): Name = "ComponentLink1URL"; Value = "https://cdn.sparkfun.com/datasheets/Dev/RaspberryPi/12313.pdf"; VariantName = "[No Variations]"
Change component parameters (AddParameter): Name = "For Use With/Related Products"; Value = "Raspberry Pi"; VariantName = "[No Variations]"
Change component parameters (AddParameter): Name = "Manufacturer"; Value = "SparkFun Electronics"; VariantName = "[No Variations]"
Change component parameters (AddParameter): Name = "Manufacturer Part Number"; Value = "PRT-14017"; VariantName = "[No Variations]"
Change component parameters (AddParameter): Name = "Nils Minor"; Value = "author"; VariantName = "[No Variations]"
Change component parameters (AddParameter): Name = "nilsminor@web.de"; Value = "mail"; VariantName = "[No Variations]"
Change component parameters (AddParameter): Name = "Part Status"; Value = "Active"; VariantName = "[No Variations]"
Change component parameters (AddParameter): Name = "Pricing 1"; Value = "1=1.84 (EUR)"; VariantName = "[No Variations]"
Change component parameters (AddParameter): Name = "RoHS"; Value = "RoHS Compliant"; VariantName = "[No Variations]"
Change component parameters (AddParameter): Name = "Stock 1"; Value = "150"; VariantName = "[No Variations]"
Change component parameters (AddParameter): Name = "Supplier 1"; Value = "Digi-Key"; VariantName = "[No Variations]"
Change component parameters (AddParameter): Name = "Supplier Part Number 1"; Value = "1568-1462-ND"; VariantName = "[No Variations]"
Added Component: Designator=J?(MOLX-503480-1000)
Add component (AddParameter): Name = "Circuits (Loaded)"; Value = "10"; VariantName = "[No Variations]"
Add component (AddParameter): Name = "ComponentLink1Description"; Value = "Manufacturer URL"; VariantName = "[No Variations]"
Add component (AddParameter): Name = "ComponentLink1URL"; Value = "http://www.molex.com/molex/index.jsp"; VariantName = "[No Variations]"
Add component (AddParameter): Name = "ComponentLink2Description"; Value = "Datasheet"; VariantName = "[No Variations]"
Add component (AddParameter): Name = "ComponentLink2URL"; Value = "http://www.molex.com/webdocs/datasheets/pdf/en-us/5034801000_FFC_FPC_CONNECTORS.pdf"; VariantName = "[No Variations]"
Add component (AddParameter): Name = "ComponentLink3Description"; Value = "Package Specification"; VariantName = "[No Variations]"
Add component (AddParameter): Name = "ComponentLink3URL"; Value = "http://www.molex.com/pdm_docs/sd/5034801000_sd.pdf"; VariantName = "[No Variations]"
Add component (AddParameter): Name = "Contact Position"; Value = "Dual"; VariantName = "[No Variations]"
Add component (AddParameter): Name = "Current (Max per Contact)"; Value = "0.5A"; VariantName = "[No Variations]"
Add component (AddParameter): Name = "Durability (mating cycles max)"; Value = "10"; VariantName = "[No Variations]"
Add component (AddParameter): Name = "Entry Angle"; Value = "90degrees Angle"; VariantName = "[No Variations]"
Add component (AddParameter): Name = "Manufacturer"; Value = "Molex"; VariantName = "[No Variations]"
Add component (AddParameter): Name = "Mated Height"; Value = "1.00mm"; VariantName = "[No Variations]"
Add component (AddParameter): Name = "Material - Metal"; Value = "Phosphor Bronze"; VariantName = "[No Variations]"
Add component (AddParameter): Name = "Material - Plating Mating"; Value = "Gold"; VariantName = "[No Variations]"
Add component (AddParameter): Name = "Material - Plating Termination"; Value = "Gold, Tin"; VariantName = "[No Variations]"
Add component (AddParameter): Name = "Mounting Technology"; Value = "Surface Mount"; VariantName = "[No Variations]"
Add component (AddParameter): Name = "Number of Rows"; Value = "1"; VariantName = "[No Variations]"
Add component (AddParameter): Name = "Orientation"; Value = "Right Angle"; VariantName = "[No Variations]"
Add component (AddParameter): Name = "PackageDescription"; Value = "10-Lead FPC Connector, Pitch 0.5 mm"; VariantName = "[No Variations]"
Add component (AddParameter): Name = "PackageReference"; Value = "503480-1000"; VariantName = "[No Variations]"
Add component (AddParameter): Name = "PackageVersion"; Value = "Rev. F, 09/2012"; VariantName = "[No Variations]"
Add component (AddParameter): Name = "Packing"; Value = "Tape and Reel"; VariantName = "[No Variations]"
Add component (AddParameter): Name = "PartNumber"; Value = "503480-1000"; VariantName = "[No Variations]"
Add component (AddParameter): Name = "PCB Locator"; Value = "No"; VariantName = "[No Variations]"
Add component (AddParameter): Name = "PCB Retention"; Value = "Yes"; VariantName = "[No Variations]"
Add component (AddParameter): Name = "Pitch - Mating Interface"; Value = "0.50mm"; VariantName = "[No Variations]"
Add component (AddParameter): Name = "Polarized to PCB"; Value = "Yes"; VariantName = "[No Variations]"
Add component (AddParameter): Name = "RoHS"; Value = "TRUE"; VariantName = "[No Variations]"
Add component (AddParameter): Name = "Stackable"; Value = "No"; VariantName = "[No Variations]"
Add component (AddParameter): Name = "Voltage (Max)"; Value = "50V AC (RMS)/DC"; VariantName = "[No Variations]"
Added Pin To Net: NetName=+3V3 Pin=J?-1
Added Pin To Net: NetName=+3V3 Pin=J?-2
Added Pin To Net: NetName=GND Pin=J?-5
Added Pin To Net: NetName=GND Pin=J?-6
Added Pin To Net: NetName=+3V3 Pin=RPI1-1
Added Pin To Net: NetName=+5V Pin=RPI1-2
Added Pin To Net: NetName=+5V Pin=RPI1-4
Added Pin To Net: NetName=GND Pin=RPI1-6
Added Pin To Net: NetName=NetRPI1_7 Pin=RPI1-7
Added Pin To Net: NetName=NetRPI1_8 Pin=RPI1-8
Added Pin To Net: NetName=GND Pin=RPI1-9
Added Pin To Net: NetName=NetRPI1_10 Pin=RPI1-10
Added Pin To Net: NetName=NetRPI1_13 Pin=RPI1-13
Added Pin To Net: NetName=GND Pin=RPI1-14
Added Pin To Net: NetName=NetRPI1_15 Pin=RPI1-15
Added Pin To Net: NetName=NetRPI1_16 Pin=RPI1-16
Added Pin To Net: NetName=+3V3 Pin=RPI1-17
Added Pin To Net: NetName=NetRPI1_18 Pin=RPI1-18
Added Pin To Net: NetName=NetRPI1_19 Pin=RPI1-19
Added Pin To Net: NetName=GND Pin=RPI1-20
Added Pin To Net: NetName=NetRPI1_22 Pin=RPI1-22
Added Pin To Net: NetName=GND Pin=RPI1-25
Added Pin To Net: NetName=NetRPI1_26 Pin=RPI1-26
Added Pin To Net: NetName=NetRPI1_29 Pin=RPI1-29
Added Pin To Net: NetName=GND Pin=RPI1-30
Added Pin To Net: NetName=NetRPI1_31 Pin=RPI1-31
Added Pin To Net: NetName=NetRPI1_32 Pin=RPI1-32
Added Pin To Net: NetName=NetRPI1_33 Pin=RPI1-33
Added Pin To Net: NetName=GND Pin=RPI1-34
Added Pin To Net: NetName=NetRPI1_35 Pin=RPI1-35
Added Pin To Net: NetName=NetRPI1_36 Pin=RPI1-36
Added Pin To Net: NetName=NetRPI1_37 Pin=RPI1-37
Added Pin To Net: NetName=NetRPI1_38 Pin=RPI1-38
Added Pin To Net: NetName=GND Pin=RPI1-39
Added Pin To Net: NetName=NetRPI1_40 Pin=RPI1-40
Added Pin To Net: NetName=NetJ?_3 Pin=J?-3
Added Pin To Net: NetName=NetJ?_3 Pin=RPI1-3
Added Net: Name=NetJ?_3
Added Pin To Net: NetName=NetJ?_4 Pin=J?-4
Added Pin To Net: NetName=NetJ?_4 Pin=RPI1-5
Added Net: Name=NetJ?_4
Added Pin To Net: NetName=NetJ?_7 Pin=J?-7
Added Pin To Net: NetName=NetJ?_7 Pin=RPI1-24
Added Net: Name=NetJ?_7
Added Pin To Net: NetName=NetJ?_8 Pin=J?-8
Added Pin To Net: NetName=NetJ?_8 Pin=RPI1-23
Added Net: Name=NetJ?_8
Added Pin To Net: NetName=NetJ?_9 Pin=J?-9
Added Pin To Net: NetName=NetJ?_9 Pin=RPI1-21
Added Net: Name=NetJ?_9
Added Pin To Net: NetName=NetJ?_10 Pin=J?-10
Added Pin To Net: NetName=NetJ?_10 Pin=RPI1-11
Added Net: Name=NetJ?_10
Added Pin To Net: NetName=NetRPI1_12 Pin=RPI1-12
Added Net: Name=NetRPI1_12
Added Class: Name=CUSP_PI_Hat
Added Room: Name=CUSP_PI_Hat
